Determining if the system is big endian passed with the following output:
Change Dir: /home/pakrasi/openCV/OpenCV/opencv-2.4.13/build/CMakeFiles/CMakeTmp

Run Build Command:/usr/bin/make "cmTryCompileExec824273150/fast"
/usr/bin/make -f CMakeFiles/cmTryCompileExec824273150.dir/build.make CMakeFiles/cmTryCompileExec824273150.dir/build
make[1]: Entering directory `/home/pakrasi/openCV/OpenCV/opencv-2.4.13/build/CMakeFiles/CMakeTmp'
/usr/bin/cmake -E cmake_progress_report /home/pakrasi/openCV/OpenCV/opencv-2.4.13/build/CMakeFiles/CMakeTmp/CMakeFiles 1
Building C object CMakeFiles/cmTryCompileExec824273150.dir/TestEndianess.c.o
/usr/bin/cc   -fsigned-char -W -Wall -Werror=return-type -Werror=address -Werror=sequence-point -Wformat -Werror=format-security -Wmissing-declarations -Wmissing-prototypes -Wstrict-prototypes -Wundef -Winit-self -Wpointer-arith -Wshadow -Wno-narrowing -Wno-array-bounds -Wno-aggressive-loop-optimizations -fdiagnostics-show-option -Wno-long-long -pthread -fomit-frame-pointer -msse -msse2 -msse3 -ffunction-sections  -O3 -DNDEBUG   -o CMakeFiles/cmTryCompileExec824273150.dir/TestEndianess.c.o   -c /home/pakrasi/openCV/OpenCV/opencv-2.4.13/build/CMakeFiles/CMakeTmp/TestEndianess.c
Linking C executable cmTryCompileExec824273150
/usr/bin/cmake -E cmake_link_script CMakeFiles/cmTryCompileExec824273150.dir/link.txt --verbose=1
/usr/bin/cc     -fsigned-char -W -Wall -Werror=return-type -Werror=address -Werror=sequence-point -Wformat -Werror=format-security -Wmissing-declarations -Wmissing-prototypes -Wstrict-prototypes -Wundef -Winit-self -Wpointer-arith -Wshadow -Wno-narrowing -Wno-array-bounds -Wno-aggressive-loop-optimizations -fdiagnostics-show-option -Wno-long-long -pthread -fomit-frame-pointer -msse -msse2 -msse3 -ffunction-sections  -O3 -DNDEBUG    CMakeFiles/cmTryCompileExec824273150.dir/TestEndianess.c.o  -o cmTryCompileExec824273150 -rdynamic 
make[1]: Leaving directory `/home/pakrasi/openCV/OpenCV/opencv-2.4.13/build/CMakeFiles/CMakeTmp'

TestEndianess.c:
/* A 16 bit integer is required. */
typedef unsigned short cmakeint16;

/* On a little endian machine, these 16bit ints will give "THIS IS LITTLE ENDIAN."
   On a big endian machine the characters will be exchanged pairwise. */
const cmakeint16 info_little[] =  {0x4854, 0x5349, 0x4920, 0x2053, 0x494c, 0x5454, 0x454c, 0x4520, 0x444e, 0x4149, 0x2e4e, 0x0000};

/* on a big endian machine, these 16bit ints will give "THIS IS BIG ENDIAN."
   On a little endian machine the characters will be exchanged pairwise. */
const cmakeint16 info_big[] =     {0x5448, 0x4953, 0x2049, 0x5320, 0x4249, 0x4720, 0x454e, 0x4449, 0x414e, 0x2e2e, 0x0000};

#ifdef __CLASSIC_C__
int main(argc, argv) int argc; char *argv[];
#else
int main(int argc, char *argv[])
#endif
{
  int require = 0;
  require += info_little[argc];
  require += info_big[argc];
  (void)argv;
  return require;
}


Determining if the Q_WS_WIN exist failed with the following output:
Change Dir: /home/pakrasi/openCV/OpenCV/opencv-2.4.13/build/CMakeFiles/CMakeTmp

Run Build Command:/usr/bin/make "cmTryCompileExec477747564/fast"
/usr/bin/make -f CMakeFiles/cmTryCompileExec477747564.dir/build.make CMakeFiles/cmTryCompileExec477747564.dir/build
make[1]: Entering directory `/home/pakrasi/openCV/OpenCV/opencv-2.4.13/build/CMakeFiles/CMakeTmp'
/usr/bin/cmake -E cmake_progress_report /home/pakrasi/openCV/OpenCV/opencv-2.4.13/build/CMakeFiles/CMakeTmp/CMakeFiles 1
Building CXX object CMakeFiles/cmTryCompileExec477747564.dir/CheckSymbolExists.cxx.o
/usr/bin/c++    -fsigned-char -W -Wall -Werror=return-type -Werror=address -Werror=sequence-point -Wformat -Werror=format-security -Wmissing-declarations -Wundef -Winit-self -Wpointer-arith -Wshadow -Wsign-promo -Wno-narrowing -Wno-delete-non-virtual-dtor -Wno-array-bounds -Wno-aggressive-loop-optimizations -fdiagnostics-show-option -Wno-long-long -pthread -fomit-frame-pointer -msse -msse2 -msse3 -ffunction-sections  -O3 -DNDEBUG -I/usr/include/qt4    -o CMakeFiles/cmTryCompileExec477747564.dir/CheckSymbolExists.cxx.o -c /home/pakrasi/openCV/OpenCV/opencv-2.4.13/build/CMakeFiles/CMakeTmp/CheckSymbolExists.cxx
/home/pakrasi/openCV/OpenCV/opencv-2.4.13/build/CMakeFiles/CMakeTmp/CheckSymbolExists.cxx: In function ‘int main(int, char**)’:
/home/pakrasi/openCV/OpenCV/opencv-2.4.13/build/CMakeFiles/CMakeTmp/CheckSymbolExists.cxx:8:19: error: ‘Q_WS_WIN’ was not declared in this scope
   return ((int*)(&Q_WS_WIN))[argc];
                   ^
make[1]: *** [CMakeFiles/cmTryCompileExec477747564.dir/CheckSymbolExists.cxx.o] Error 1
make[1]: Leaving directory `/home/pakrasi/openCV/OpenCV/opencv-2.4.13/build/CMakeFiles/CMakeTmp'
make: *** [cmTryCompileExec477747564/fast] Error 2

File /home/pakrasi/openCV/OpenCV/opencv-2.4.13/build/CMakeFiles/CMakeTmp/CheckSymbolExists.cxx:
/* */
#include <QtCore/qglobal.h>

int main(int argc, char** argv)
{
  (void)argv;
#ifndef Q_WS_WIN
  return ((int*)(&Q_WS_WIN))[argc];
#else
  (void)argc;
  return 0;
#endif
}

Determining if the Q_WS_QWS exist failed with the following output:
Change Dir: /home/pakrasi/openCV/OpenCV/opencv-2.4.13/build/CMakeFiles/CMakeTmp

Run Build Command:/usr/bin/make "cmTryCompileExec1444275943/fast"
/usr/bin/make -f CMakeFiles/cmTryCompileExec1444275943.dir/build.make CMakeFiles/cmTryCompileExec1444275943.dir/build
make[1]: Entering directory `/home/pakrasi/openCV/OpenCV/opencv-2.4.13/build/CMakeFiles/CMakeTmp'
/usr/bin/cmake -E cmake_progress_report /home/pakrasi/openCV/OpenCV/opencv-2.4.13/build/CMakeFiles/CMakeTmp/CMakeFiles 1
Building CXX object CMakeFiles/cmTryCompileExec1444275943.dir/CheckSymbolExists.cxx.o
/usr/bin/c++    -fsigned-char -W -Wall -Werror=return-type -Werror=address -Werror=sequence-point -Wformat -Werror=format-security -Wmissing-declarations -Wundef -Winit-self -Wpointer-arith -Wshadow -Wsign-promo -Wno-narrowing -Wno-delete-non-virtual-dtor -Wno-array-bounds -Wno-aggressive-loop-optimizations -fdiagnostics-show-option -Wno-long-long -pthread -fomit-frame-pointer -msse -msse2 -msse3 -ffunction-sections  -O3 -DNDEBUG -I/usr/include/qt4    -o CMakeFiles/cmTryCompileExec1444275943.dir/CheckSymbolExists.cxx.o -c /home/pakrasi/openCV/OpenCV/opencv-2.4.13/build/CMakeFiles/CMakeTmp/CheckSymbolExists.cxx
/home/pakrasi/openCV/OpenCV/opencv-2.4.13/build/CMakeFiles/CMakeTmp/CheckSymbolExists.cxx: In function ‘int main(int, char**)’:
/home/pakrasi/openCV/OpenCV/opencv-2.4.13/build/CMakeFiles/CMakeTmp/CheckSymbolExists.cxx:8:19: error: ‘Q_WS_QWS’ was not declared in this scope
   return ((int*)(&Q_WS_QWS))[argc];
                   ^
make[1]: *** [CMakeFiles/cmTryCompileExec1444275943.dir/CheckSymbolExists.cxx.o] Error 1
make[1]: Leaving directory `/home/pakrasi/openCV/OpenCV/opencv-2.4.13/build/CMakeFiles/CMakeTmp'
make: *** [cmTryCompileExec1444275943/fast] Error 2

File /home/pakrasi/openCV/OpenCV/opencv-2.4.13/build/CMakeFiles/CMakeTmp/CheckSymbolExists.cxx:
/* */
#include <QtCore/qglobal.h>

int main(int argc, char** argv)
{
  (void)argv;
#ifndef Q_WS_QWS
  return ((int*)(&Q_WS_QWS))[argc];
#else
  (void)argc;
  return 0;
#endif
}

Determining if the Q_WS_MAC exist failed with the following output:
Change Dir: /home/pakrasi/openCV/OpenCV/opencv-2.4.13/build/CMakeFiles/CMakeTmp

Run Build Command:/usr/bin/make "cmTryCompileExec1062601269/fast"
/usr/bin/make -f CMakeFiles/cmTryCompileExec1062601269.dir/build.make CMakeFiles/cmTryCompileExec1062601269.dir/build
make[1]: Entering directory `/home/pakrasi/openCV/OpenCV/opencv-2.4.13/build/CMakeFiles/CMakeTmp'
/usr/bin/cmake -E cmake_progress_report /home/pakrasi/openCV/OpenCV/opencv-2.4.13/build/CMakeFiles/CMakeTmp/CMakeFiles 1
Building CXX object CMakeFiles/cmTryCompileExec1062601269.dir/CheckSymbolExists.cxx.o
/usr/bin/c++    -fsigned-char -W -Wall -Werror=return-type -Werror=address -Werror=sequence-point -Wformat -Werror=format-security -Wmissing-declarations -Wundef -Winit-self -Wpointer-arith -Wshadow -Wsign-promo -Wno-narrowing -Wno-delete-non-virtual-dtor -Wno-array-bounds -Wno-aggressive-loop-optimizations -fdiagnostics-show-option -Wno-long-long -pthread -fomit-frame-pointer -msse -msse2 -msse3 -ffunction-sections  -O3 -DNDEBUG -I/usr/include/qt4    -o CMakeFiles/cmTryCompileExec1062601269.dir/CheckSymbolExists.cxx.o -c /home/pakrasi/openCV/OpenCV/opencv-2.4.13/build/CMakeFiles/CMakeTmp/CheckSymbolExists.cxx
/home/pakrasi/openCV/OpenCV/opencv-2.4.13/build/CMakeFiles/CMakeTmp/CheckSymbolExists.cxx: In function ‘int main(int, char**)’:
/home/pakrasi/openCV/OpenCV/opencv-2.4.13/build/CMakeFiles/CMakeTmp/CheckSymbolExists.cxx:8:19: error: ‘Q_WS_MAC’ was not declared in this scope
   return ((int*)(&Q_WS_MAC))[argc];
                   ^
make[1]: Leaving directory `/home/pakrasi/openCV/OpenCV/opencv-2.4.13/build/CMakeFiles/CMakeTmp'
make[1]: *** [CMakeFiles/cmTryCompileExec1062601269.dir/CheckSymbolExists.cxx.o] Error 1
make: *** [cmTryCompileExec1062601269/fast] Error 2

File /home/pakrasi/openCV/OpenCV/opencv-2.4.13/build/CMakeFiles/CMakeTmp/CheckSymbolExists.cxx:
/* */
#include <QtCore/qglobal.h>

int main(int argc, char** argv)
{
  (void)argv;
#ifndef Q_WS_MAC
  return ((int*)(&Q_WS_MAC))[argc];
#else
  (void)argc;
  return 0;
#endif
}

Determining if the include file linux/videodev.h exists failed with the following output:
Change Dir: /home/pakrasi/openCV/OpenCV/opencv-2.4.13/build/CMakeFiles/CMakeTmp

Run Build Command:/usr/bin/make "cmTryCompileExec598176477/fast"
/usr/bin/make -f CMakeFiles/cmTryCompileExec598176477.dir/build.make CMakeFiles/cmTryCompileExec598176477.dir/build
make[1]: Entering directory `/home/pakrasi/openCV/OpenCV/opencv-2.4.13/build/CMakeFiles/CMakeTmp'
/usr/bin/cmake -E cmake_progress_report /home/pakrasi/openCV/OpenCV/opencv-2.4.13/build/CMakeFiles/CMakeTmp/CMakeFiles 1
Building C object CMakeFiles/cmTryCompileExec598176477.dir/CheckIncludeFile.c.o
/usr/bin/cc   -fsigned-char -W -Wall -Werror=return-type -Werror=address -Werror=sequence-point -Wformat -Werror=format-security -Wmissing-declarations -Wmissing-prototypes -Wstrict-prototypes -Wundef -Winit-self -Wpointer-arith -Wshadow -Wno-narrowing -Wno-array-bounds -Wno-aggressive-loop-optimizations -fdiagnostics-show-option -Wno-long-long -pthread -fomit-frame-pointer -msse -msse2 -msse3 -ffunction-sections  -O3 -DNDEBUG   -o CMakeFiles/cmTryCompileExec598176477.dir/CheckIncludeFile.c.o   -c /home/pakrasi/openCV/OpenCV/opencv-2.4.13/build/CMakeFiles/CMakeTmp/CheckIncludeFile.c
/home/pakrasi/openCV/OpenCV/opencv-2.4.13/build/CMakeFiles/CMakeTmp/CheckIncludeFile.c:1:28: fatal error: linux/videodev.h: No such file or directory
 #include <linux/videodev.h>
                            ^
compilation terminated.
make[1]: Leaving directory `/home/pakrasi/openCV/OpenCV/opencv-2.4.13/build/CMakeFiles/CMakeTmp'
make[1]: *** [CMakeFiles/cmTryCompileExec598176477.dir/CheckIncludeFile.c.o] Error 1
make: *** [cmTryCompileExec598176477/fast] Error 2


Determining if the include file sys/videoio.h exists failed with the following output:
Change Dir: /home/pakrasi/openCV/OpenCV/opencv-2.4.13/build/CMakeFiles/CMakeTmp

Run Build Command:/usr/bin/make "cmTryCompileExec3279884330/fast"
/usr/bin/make -f CMakeFiles/cmTryCompileExec3279884330.dir/build.make CMakeFiles/cmTryCompileExec3279884330.dir/build
make[1]: Entering directory `/home/pakrasi/openCV/OpenCV/opencv-2.4.13/build/CMakeFiles/CMakeTmp'
/usr/bin/cmake -E cmake_progress_report /home/pakrasi/openCV/OpenCV/opencv-2.4.13/build/CMakeFiles/CMakeTmp/CMakeFiles 1
Building C object CMakeFiles/cmTryCompileExec3279884330.dir/CheckIncludeFile.c.o
/usr/bin/cc   -fsigned-char -W -Wall -Werror=return-type -Werror=address -Werror=sequence-point -Wformat -Werror=format-security -Wmissing-declarations -Wmissing-prototypes -Wstrict-prototypes -Wundef -Winit-self -Wpointer-arith -Wshadow -Wno-narrowing -Wno-array-bounds -Wno-aggressive-loop-optimizations -fdiagnostics-show-option -Wno-long-long -pthread -fomit-frame-pointer -msse -msse2 -msse3 -ffunction-sections  -O3 -DNDEBUG   -o CMakeFiles/cmTryCompileExec3279884330.dir/CheckIncludeFile.c.o   -c /home/pakrasi/openCV/OpenCV/opencv-2.4.13/build/CMakeFiles/CMakeTmp/CheckIncludeFile.c
/home/pakrasi/openCV/OpenCV/opencv-2.4.13/build/CMakeFiles/CMakeTmp/CheckIncludeFile.c:1:25: fatal error: sys/videoio.h: No such file or directory
 #include <sys/videoio.h>
                         ^
compilation terminated.
make[1]: Leaving directory `/home/pakrasi/openCV/OpenCV/opencv-2.4.13/build/CMakeFiles/CMakeTmp'
make[1]: *** [CMakeFiles/cmTryCompileExec3279884330.dir/CheckIncludeFile.c.o] Error 1
make: *** [cmTryCompileExec3279884330/fast] Error 2


Determining if the include file ffmpeg/avformat.h exists failed with the following output:
Change Dir: /home/pakrasi/openCV/OpenCV/opencv-2.4.13/build/CMakeFiles/CMakeTmp

Run Build Command:/usr/bin/make "cmTryCompileExec1526597903/fast"
/usr/bin/make -f CMakeFiles/cmTryCompileExec1526597903.dir/build.make CMakeFiles/cmTryCompileExec1526597903.dir/build
make[1]: Entering directory `/home/pakrasi/openCV/OpenCV/opencv-2.4.13/build/CMakeFiles/CMakeTmp'
/usr/bin/cmake -E cmake_progress_report /home/pakrasi/openCV/OpenCV/opencv-2.4.13/build/CMakeFiles/CMakeTmp/CMakeFiles 1
Building C object CMakeFiles/cmTryCompileExec1526597903.dir/CheckIncludeFile.c.o
/usr/bin/cc   -fsigned-char -W -Wall -Werror=return-type -Werror=address -Werror=sequence-point -Wformat -Werror=format-security -Wmissing-declarations -Wmissing-prototypes -Wstrict-prototypes -Wundef -Winit-self -Wpointer-arith -Wshadow -Wno-narrowing -Wno-array-bounds -Wno-aggressive-loop-optimizations -fdiagnostics-show-option -Wno-long-long -pthread -fomit-frame-pointer -msse -msse2 -msse3 -ffunction-sections  -O3 -DNDEBUG   -o CMakeFiles/cmTryCompileExec1526597903.dir/CheckIncludeFile.c.o   -c /home/pakrasi/openCV/OpenCV/opencv-2.4.13/build/CMakeFiles/CMakeTmp/CheckIncludeFile.c
/home/pakrasi/openCV/OpenCV/opencv-2.4.13/build/CMakeFiles/CMakeTmp/CheckIncludeFile.c:1:29: fatal error: ffmpeg/avformat.h: No such file or directory
 #include <ffmpeg/avformat.h>
                             ^
compilation terminated.
make[1]: *** [CMakeFiles/cmTryCompileExec1526597903.dir/CheckIncludeFile.c.o] Error 1
make[1]: Leaving directory `/home/pakrasi/openCV/OpenCV/opencv-2.4.13/build/CMakeFiles/CMakeTmp'
make: *** [cmTryCompileExec1526597903/fast] Error 2


